<?xml version="1.0" encoding="UTF-8"?>
<!-- Generated by org.testng.reporters.JUnitXMLReporter -->
<testsuite ignored="4" hostname="DESKTOP-IUCOGPK" failures="0" tests="3" name="Test" time="314.587" errors="0" timestamp="2022-11-30T22:30:19 IST">
  <testcase classname="test_Scripts.FlipSc1" name="Flip" time="89.585"/>
  <testcase classname="test_Scripts.FlipSc2" name="Flip" time="76.313"/>
  <testcase classname="test_Scripts.FlipSc3" name="Flip" time="18.345"/>
  <testcase classname="generic.Base_Test" name="@BeforeSuite beforeSuit" time="0.0">
    <ignored/>
  </testcase> <!-- @BeforeSuite beforeSuit -->
  <testcase classname="generic.Base_Test" name="@BeforeSuite beforeSuit" time="0.0">
    <ignored/>
  </testcase> <!-- @BeforeSuite beforeSuit -->
  <testcase classname="generic.Base_Test" name="@AfterSuite afterSuite" time="0.0">
    <ignored/>
  </testcase> <!-- @AfterSuite afterSuite -->
  <testcase classname="generic.Base_Test" name="@AfterSuite afterSuite" time="0.0">
    <ignored/>
  </testcase> <!-- @AfterSuite afterSuite -->
</testsuite> <!-- Test -->
