<?xml version="1.0" encoding="UTF-8"?>
<testng-results ignored="4" total="7" passed="3" failed="0" skipped="0">
  <reporter-output>
    <line>
      <![CDATA[Browser window is maximized successfully]]>
    </line>
    <line>
      <![CDATA[Browser window is maximized successfully]]>
    </line>
    <line>
      <![CDATA[Browser window is maximized successfully]]>
    </line>
  </reporter-output>
  <suite started-at="2022-11-30T22:25:04 IST" name="Suite" finished-at="2022-11-30T22:30:19 IST" duration-ms="314587">
    <groups>
    </groups>
    <test started-at="2022-11-30T22:25:04 IST" name="Test" finished-at="2022-11-30T22:30:19 IST" duration-ms="314587">
      <class name="test_Scripts.FlipSc3">
        <test-method is-config="true" signature="browserSetup()[pri:0, instance:test_Scripts.FlipSc3@37d4349f]" started-at="2022-11-30T22:29:09 IST" name="browserSetup" finished-at="2022-11-30T22:30:00 IST" duration-ms="51051" status="PASS">
          <reporter-output>
            <line>
              <![CDATA[Browser window is maximized successfully]]>
            </line>
          </reporter-output>
        </test-method> <!-- browserSetup -->
        <test-method signature="Flip([Ljava.lang.String;)[pri:0, instance:test_Scripts.FlipSc3@37d4349f]" started-at="2022-11-30T22:30:00 IST" name="Flip" data-provider="testData" finished-at="2022-11-30T22:30:19 IST" duration-ms="18345" status="PASS">
          <params>
            <param index="0">
              <value>
                <![CDATA[[Ljava.lang.String;@67536ae0]]>
              </value>
            </param>
          </params>
          <reporter-output>
          </reporter-output>
        </test-method> <!-- Flip -->
        <test-method is-config="true" signature="CloseApp()[pri:0, instance:test_Scripts.FlipSc3@37d4349f]" started-at="2022-11-30T22:30:19 IST" name="CloseApp" finished-at="2022-11-30T22:30:19 IST" duration-ms="1" status="PASS">
          <reporter-output>
          </reporter-output>
        </test-method> <!-- CloseApp -->
      </class> <!-- test_Scripts.FlipSc3 -->
      <class name="test_Scripts.FlipSc2">
        <test-method is-config="true" signature="browserSetup()[pri:0, instance:test_Scripts.FlipSc2@5b03b9fe]" started-at="2022-11-30T22:27:19 IST" name="browserSetup" finished-at="2022-11-30T22:27:52 IST" duration-ms="33739" status="PASS">
          <reporter-output>
            <line>
              <![CDATA[Browser window is maximized successfully]]>
            </line>
          </reporter-output>
        </test-method> <!-- browserSetup -->
        <test-method signature="Flip([Ljava.lang.String;)[pri:0, instance:test_Scripts.FlipSc2@5b03b9fe]" started-at="2022-11-30T22:27:53 IST" name="Flip" data-provider="testData" finished-at="2022-11-30T22:29:09 IST" duration-ms="76313" status="PASS">
          <params>
            <param index="0">
              <value>
                <![CDATA[[Ljava.lang.String;@45658133]]>
              </value>
            </param>
          </params>
          <reporter-output>
          </reporter-output>
        </test-method> <!-- Flip -->
        <test-method is-config="true" signature="CloseApp()[pri:0, instance:test_Scripts.FlipSc2@5b03b9fe]" started-at="2022-11-30T22:29:09 IST" name="CloseApp" finished-at="2022-11-30T22:29:09 IST" duration-ms="0" status="PASS">
          <reporter-output>
          </reporter-output>
        </test-method> <!-- CloseApp -->
      </class> <!-- test_Scripts.FlipSc2 -->
      <class name="test_Scripts.FlipSc1">
        <test-method is-config="true" signature="beforeSuit()[pri:0, instance:test_Scripts.FlipSc1@c88a337]" started-at="2022-11-30T22:25:03 IST" name="beforeSuit" finished-at="2022-11-30T22:25:04 IST" duration-ms="552" status="PASS">
          <reporter-output>
          </reporter-output>
        </test-method> <!-- beforeSuit -->
        <test-method is-config="true" signature="browserSetup()[pri:0, instance:test_Scripts.FlipSc1@c88a337]" started-at="2022-11-30T22:25:04 IST" name="browserSetup" finished-at="2022-11-30T22:25:42 IST" duration-ms="37907" status="PASS">
          <reporter-output>
            <line>
              <![CDATA[Browser window is maximized successfully]]>
            </line>
          </reporter-output>
        </test-method> <!-- browserSetup -->
        <test-method signature="Flip([Ljava.lang.String;)[pri:0, instance:test_Scripts.FlipSc1@c88a337]" started-at="2022-11-30T22:25:49 IST" name="Flip" data-provider="testData" finished-at="2022-11-30T22:27:19 IST" duration-ms="89585" status="PASS">
          <params>
            <param index="0">
              <value>
                <![CDATA[[Ljava.lang.String;@430b2699]]>
              </value>
            </param>
          </params>
          <reporter-output>
          </reporter-output>
        </test-method> <!-- Flip -->
        <test-method is-config="true" signature="CloseApp()[pri:0, instance:test_Scripts.FlipSc1@c88a337]" started-at="2022-11-30T22:27:19 IST" name="CloseApp" finished-at="2022-11-30T22:27:19 IST" duration-ms="1" status="PASS">
          <reporter-output>
          </reporter-output>
        </test-method> <!-- CloseApp -->
        <test-method is-config="true" signature="afterSuite()[pri:0, instance:test_Scripts.FlipSc1@c88a337]" started-at="2022-11-30T22:30:19 IST" name="afterSuite" finished-at="2022-11-30T22:30:20 IST" duration-ms="1511" status="PASS">
          <reporter-output>
          </reporter-output>
        </test-method> <!-- afterSuite -->
      </class> <!-- test_Scripts.FlipSc1 -->
    </test> <!-- Test -->
  </suite> <!-- Suite -->
</testng-results>
